2025-08-13 01:30:07,734 - discord.client - WARNING - PyNaCl is not installed, voice will NOT be supported
2025-08-13 01:30:07,735 - __main__ - ERROR - DISCORD_TOKEN environment variable not set!
2025-08-13 01:34:21,573 - discord.client - WARNING - PyNaCl is not installed, voice will NOT be supported
2025-08-13 01:34:21,574 - discord.client - INFO - logging in using static token
2025-08-13 01:34:21,761 - __main__ - ERROR - Invalid Discord token provided!
2025-08-13 01:34:21,776 - asyncio - ERROR - Unclosed connector
connections: ['deque([(<aiohttp.client_proto.ResponseHandler object at 0x7fc1d040dda0>, 119852.553136395)])']
connector: <aiohttp.connector.TCPConnector object at 0x7fc1d0432010>
2025-08-13 01:34:27,309 - discord.client - WARNING - PyNaCl is not installed, voice will NOT be supported
2025-08-13 01:34:27,309 - discord.client - INFO - logging in using static token
2025-08-13 01:34:27,470 - __main__ - ERROR - Invalid Discord token provided!
2025-08-13 01:34:27,484 - asyncio - ERROR - Unclosed connector
connections: ['deque([(<aiohttp.client_proto.ResponseHandler object at 0x7fc507a31da0>, 119858.262393609)])']
connector: <aiohttp.connector.TCPConnector object at 0x7fc507a55f90>
2025-08-13 01:34:42,267 - discord.client - WARNING - PyNaCl is not installed, voice will NOT be supported
2025-08-13 01:34:42,268 - discord.client - INFO - logging in using static token
2025-08-13 01:34:42,451 - __main__ - ERROR - Invalid Discord token provided!
2025-08-13 01:34:42,463 - asyncio - ERROR - Unclosed connector
connections: ['deque([(<aiohttp.client_proto.ResponseHandler object at 0x7fcb1b7a5da0>, 119873.243475408)])']
connector: <aiohttp.connector.TCPConnector object at 0x7fcb1b7c9fd0>
2025-08-13 01:35:53,711 - discord.client - WARNING - PyNaCl is not installed, voice will NOT be supported
2025-08-13 01:35:53,712 - discord.client - INFO - logging in using static token
2025-08-13 01:35:54,147 - __main__ - INFO - Loaded cog: cogs.modmail
2025-08-13 01:35:54,151 - __main__ - INFO - Loaded cog: cogs.economy
2025-08-13 01:35:54,156 - __main__ - INFO - Loaded cog: cogs.autoresponse
2025-08-13 01:35:54,160 - __main__ - INFO - Loaded cog: cogs.moderation
2025-08-13 01:35:54,165 - __main__ - INFO - Loaded cog: cogs.logging
2025-08-13 01:35:54,170 - __main__ - INFO - Loaded cog: cogs.help
2025-08-13 01:35:54,176 - __main__ - INFO - Loaded cog: cogs.features
2025-08-13 01:35:54,499 - discord.gateway - INFO - Shard ID None has connected to Gateway (Session ID: 259d28a13b8f6d1705b004543d27c686).
2025-08-13 01:35:56,504 - __main__ - INFO - King Developers#1173 has connected to Discord!
2025-08-13 01:35:56,504 - __main__ - INFO - Bot is in 1 guilds
2025-08-13 01:43:17,379 - discord.client - WARNING - PyNaCl is not installed, voice will NOT be supported
2025-08-13 01:43:17,380 - discord.client - INFO - logging in using static token
2025-08-13 01:43:17,938 - __main__ - INFO - Loaded cog: cogs.modmail
2025-08-13 01:43:17,941 - __main__ - INFO - Loaded cog: cogs.economy
2025-08-13 01:43:17,943 - __main__ - INFO - Loaded cog: cogs.autoresponse
2025-08-13 01:43:17,945 - __main__ - INFO - Loaded cog: cogs.moderation
2025-08-13 01:43:17,948 - __main__ - INFO - Loaded cog: cogs.logging
2025-08-13 01:43:17,949 - __main__ - INFO - Loaded cog: cogs.help
2025-08-13 01:43:17,952 - __main__ - INFO - Loaded cog: cogs.features
2025-08-13 01:43:18,523 - discord.gateway - INFO - Shard ID None has connected to Gateway (Session ID: 1ed21f812e9611fa89089ff3f71bccfe).
2025-08-13 01:43:20,531 - __main__ - INFO - King Developers#1173 has connected to Discord!
2025-08-13 01:43:20,531 - __main__ - INFO - Bot is in 1 guilds
2025-08-13 01:50:27,134 - discord.client - WARNING - PyNaCl is not installed, voice will NOT be supported
2025-08-13 01:50:27,135 - discord.client - INFO - logging in using static token
2025-08-13 01:50:27,590 - __main__ - INFO - Loaded cog: cogs.modmail
2025-08-13 01:50:27,594 - __main__ - INFO - Loaded cog: cogs.economy
2025-08-13 01:50:27,597 - __main__ - INFO - Loaded cog: cogs.autoresponse
2025-08-13 01:50:27,599 - __main__ - INFO - Loaded cog: cogs.moderation
2025-08-13 01:50:27,604 - __main__ - INFO - Loaded cog: cogs.logging
2025-08-13 01:50:27,606 - __main__ - INFO - Loaded cog: cogs.help
2025-08-13 01:50:27,609 - __main__ - INFO - Loaded cog: cogs.features
2025-08-13 01:50:28,003 - discord.gateway - INFO - Shard ID None has connected to Gateway (Session ID: b2047d5106567c10b0ff1c0c2268f82e).
2025-08-13 01:50:30,032 - __main__ - INFO - King Developers#1173 has connected to Discord!
2025-08-13 01:50:30,032 - __main__ - INFO - Bot is in 1 guilds
2025-08-13 02:02:51,322 - discord.client - WARNING - PyNaCl is not installed, voice will NOT be supported
2025-08-13 02:02:51,323 - discord.client - INFO - logging in using static token
2025-08-13 02:02:51,736 - __main__ - INFO - Loaded cog: cogs.modmail
2025-08-13 02:02:51,739 - __main__ - INFO - Loaded cog: cogs.economy
2025-08-13 02:02:51,742 - __main__ - INFO - Loaded cog: cogs.autoresponse
2025-08-13 02:02:51,745 - __main__ - INFO - Loaded cog: cogs.moderation
2025-08-13 02:02:51,749 - __main__ - INFO - Loaded cog: cogs.logging
2025-08-13 02:02:51,750 - __main__ - INFO - Loaded cog: cogs.help
2025-08-13 02:02:51,754 - __main__ - INFO - Loaded cog: cogs.features
2025-08-13 02:02:52,044 - discord.gateway - INFO - Shard ID None has connected to Gateway (Session ID: f917e55c6141ae775071ce4e4ec4b18e).
2025-08-13 02:02:54,057 - __main__ - INFO - King Developers#1173 has connected to Discord!
2025-08-13 02:02:54,057 - __main__ - INFO - Bot is in 1 guilds
2025-08-13 02:06:59,196 - discord.client - WARNING - PyNaCl is not installed, voice will NOT be supported
2025-08-13 02:06:59,197 - discord.client - INFO - logging in using static token
2025-08-13 02:06:59,563 - __main__ - INFO - Loaded cog: cogs.modmail
2025-08-13 02:06:59,569 - __main__ - INFO - Loaded cog: cogs.economy
2025-08-13 02:06:59,571 - __main__ - INFO - Loaded cog: cogs.autoresponse
2025-08-13 02:06:59,573 - __main__ - INFO - Loaded cog: cogs.moderation
2025-08-13 02:06:59,576 - __main__ - INFO - Loaded cog: cogs.logging
2025-08-13 02:06:59,582 - __main__ - INFO - Loaded cog: cogs.help
2025-08-13 02:06:59,586 - __main__ - INFO - Loaded cog: cogs.features
2025-08-13 02:06:59,860 - discord.gateway - INFO - Shard ID None has connected to Gateway (Session ID: 6edaefc31fed83bcbc8d2cf46268f0be).
2025-08-13 02:07:01,865 - __main__ - INFO - King Developers#1173 has connected to Discord!
2025-08-13 02:07:01,865 - __main__ - INFO - Bot is in 1 guilds
2025-08-13 04:19:04,233 - discord.client - WARNING - PyNaCl is not installed, voice will NOT be supported
2025-08-13 04:19:04,234 - discord.client - INFO - logging in using static token
2025-08-13 04:19:04,674 - __main__ - INFO - Loaded cog: cogs.modmail
2025-08-13 04:19:04,678 - __main__ - INFO - Loaded cog: cogs.economy
2025-08-13 04:19:04,681 - __main__ - INFO - Loaded cog: cogs.autoresponse
2025-08-13 04:19:04,684 - __main__ - INFO - Loaded cog: cogs.moderation
2025-08-13 04:19:04,689 - __main__ - INFO - Loaded cog: cogs.logging
2025-08-13 04:19:04,692 - __main__ - INFO - Loaded cog: cogs.help
2025-08-13 04:19:04,695 - __main__ - INFO - Loaded cog: cogs.features
2025-08-13 04:19:05,107 - discord.gateway - INFO - Shard ID None has connected to Gateway (Session ID: 60a3377466c0afebae172fc0a0a6f349).
2025-08-13 04:19:07,114 - __main__ - INFO - King Developers#1173 has connected to Discord!
2025-08-13 04:19:07,114 - __main__ - INFO - Bot is in 1 guilds
2025-08-13 04:21:09,341 - discord.client - WARNING - PyNaCl is not installed, voice will NOT be supported
2025-08-13 04:21:09,341 - discord.client - INFO - logging in using static token
2025-08-13 04:21:09,733 - __main__ - INFO - Loaded cog: cogs.modmail
2025-08-13 04:21:09,739 - __main__ - INFO - Loaded cog: cogs.economy
2025-08-13 04:21:09,742 - __main__ - INFO - Loaded cog: cogs.autoresponse
2025-08-13 04:21:09,744 - __main__ - INFO - Loaded cog: cogs.moderation
2025-08-13 04:21:09,747 - __main__ - INFO - Loaded cog: cogs.logging
2025-08-13 04:21:09,753 - __main__ - INFO - Loaded cog: cogs.help
2025-08-13 04:21:09,757 - __main__ - INFO - Loaded cog: cogs.features
2025-08-13 04:21:09,763 - __main__ - INFO - Loaded cog: cogs.welcome
2025-08-13 04:21:10,064 - discord.gateway - INFO - Shard ID None has connected to Gateway (Session ID: 78c4e791da9e71dc05ca37c6882d47e9).
2025-08-13 04:21:12,071 - __main__ - INFO - King Developers#1173 has connected to Discord!
2025-08-13 04:21:12,071 - __main__ - INFO - Bot is in 1 guilds
2025-08-13 04:32:00,980 - __main__ - INFO - Left guild: K♤ɳɠ Oϝ Mყ Qυ♡ҽɳ's server (ID: 1280693892752211999)
2025-08-13 06:59:20,882 - discord.client - WARNING - PyNaCl is not installed, voice will NOT be supported
2025-08-13 06:59:20,886 - discord.client - INFO - logging in using static token
2025-08-13 06:59:21,280 - __main__ - INFO - Loaded cog: cogs.modmail
2025-08-13 06:59:21,284 - __main__ - INFO - Loaded cog: cogs.economy
2025-08-13 06:59:21,289 - __main__ - INFO - Loaded cog: cogs.autoresponse
2025-08-13 06:59:21,293 - __main__ - INFO - Loaded cog: cogs.moderation
2025-08-13 06:59:21,298 - __main__ - INFO - Loaded cog: cogs.logging
2025-08-13 06:59:21,300 - __main__ - INFO - Loaded cog: cogs.help
2025-08-13 06:59:21,303 - __main__ - INFO - Loaded cog: cogs.features
2025-08-13 06:59:21,306 - __main__ - INFO - Loaded cog: cogs.welcome
2025-08-13 06:59:21,620 - discord.gateway - INFO - Shard ID None has connected to Gateway (Session ID: 7c4fa0f7255c6ea4adde5b87190ac1b7).
2025-08-13 06:59:23,628 - __main__ - INFO - King Developers#1173 has connected to Discord!
2025-08-13 06:59:23,629 - __main__ - INFO - Bot is in 1 guilds
2025-08-13 07:00:23,198 - __main__ - INFO - Joined guild: K♤ɳɠ Oϝ Mყ Qυ♡ҽɳ's se (ID: 1405083393011617874)
2025-08-13 07:10:09,515 - discord.client - WARNING - PyNaCl is not installed, voice will NOT be supported
2025-08-13 07:10:09,516 - discord.client - INFO - logging in using static token
2025-08-13 07:10:10,001 - __main__ - INFO - Loaded cog: cogs.modmail
2025-08-13 07:10:10,003 - __main__ - INFO - Loaded cog: cogs.economy
2025-08-13 07:10:10,006 - __main__ - INFO - Loaded cog: cogs.autoresponse
2025-08-13 07:10:10,008 - __main__ - INFO - Loaded cog: cogs.moderation
2025-08-13 07:10:10,013 - __main__ - INFO - Loaded cog: cogs.logging
2025-08-13 07:10:10,015 - __main__ - INFO - Loaded cog: cogs.help
2025-08-13 07:10:10,017 - __main__ - INFO - Loaded cog: cogs.features
2025-08-13 07:10:10,021 - __main__ - INFO - Loaded cog: cogs.welcome
2025-08-13 07:10:10,347 - discord.gateway - INFO - Shard ID None has connected to Gateway (Session ID: 78657a17b9f254eea541fbcdd611524f).
2025-08-13 07:10:12,373 - __main__ - INFO - King Developers#1173 has connected to Discord!
2025-08-13 07:10:12,374 - __main__ - INFO - Bot is in 2 guilds
2025-08-13 07:12:12,332 - discord.client - WARNING - PyNaCl is not installed, voice will NOT be supported
2025-08-13 07:12:12,333 - discord.client - INFO - logging in using static token
2025-08-13 07:12:12,732 - __main__ - INFO - Loaded cog: cogs.modmail
2025-08-13 07:12:12,737 - __main__ - INFO - Loaded cog: cogs.economy
2025-08-13 07:12:12,746 - __main__ - INFO - Loaded cog: cogs.autoresponse
2025-08-13 07:12:12,751 - __main__ - INFO - Loaded cog: cogs.moderation
2025-08-13 07:12:12,757 - __main__ - INFO - Loaded cog: cogs.logging
2025-08-13 07:12:12,762 - __main__ - INFO - Loaded cog: cogs.help
2025-08-13 07:12:12,765 - __main__ - INFO - Loaded cog: cogs.features
2025-08-13 07:12:12,769 - __main__ - INFO - Loaded cog: cogs.welcome
2025-08-13 07:12:13,076 - discord.gateway - INFO - Shard ID None has connected to Gateway (Session ID: 53304c5a315baa3b693247901c72585a).
2025-08-13 07:12:15,106 - __main__ - INFO - King Developers#1173 has connected to Discord!
2025-08-13 07:12:15,106 - __main__ - INFO - Bot is in 2 guilds
2025-08-13 07:15:12,554 - discord.client - WARNING - PyNaCl is not installed, voice will NOT be supported
2025-08-13 07:15:12,555 - discord.client - INFO - logging in using static token
2025-08-13 07:15:12,959 - __main__ - INFO - Loaded cog: cogs.modmail
2025-08-13 07:15:12,961 - __main__ - INFO - Loaded cog: cogs.economy
2025-08-13 07:15:12,963 - __main__ - INFO - Loaded cog: cogs.autoresponse
2025-08-13 07:15:12,966 - __main__ - INFO - Loaded cog: cogs.moderation
2025-08-13 07:15:12,968 - __main__ - INFO - Loaded cog: cogs.logging
2025-08-13 07:15:12,974 - __main__ - INFO - Loaded cog: cogs.help
2025-08-13 07:15:12,976 - __main__ - INFO - Loaded cog: cogs.features
2025-08-13 07:15:12,984 - __main__ - INFO - Loaded cog: cogs.welcome
2025-08-13 07:15:13,320 - discord.gateway - INFO - Shard ID None has connected to Gateway (Session ID: dcaa59d0065a18452889ce3daa2ba8c4).
2025-08-13 07:15:15,326 - __main__ - INFO - King Developers#1173 has connected to Discord!
2025-08-13 07:15:15,326 - __main__ - INFO - Bot is in 2 guilds
2025-08-13 07:18:57,245 - discord.client - WARNING - PyNaCl is not installed, voice will NOT be supported
2025-08-13 07:18:57,245 - discord.client - INFO - logging in using static token
2025-08-13 07:18:57,789 - __main__ - INFO - Loaded cog: cogs.modmail
2025-08-13 07:18:57,799 - __main__ - INFO - Loaded cog: cogs.economy
2025-08-13 07:18:57,801 - __main__ - INFO - Loaded cog: cogs.autoresponse
2025-08-13 07:18:57,802 - __main__ - INFO - Loaded cog: cogs.moderation
2025-08-13 07:18:57,804 - __main__ - INFO - Loaded cog: cogs.logging
2025-08-13 07:18:57,805 - __main__ - INFO - Loaded cog: cogs.help
2025-08-13 07:18:57,808 - __main__ - INFO - Loaded cog: cogs.features
2025-08-13 07:18:57,810 - __main__ - INFO - Loaded cog: cogs.welcome
2025-08-13 07:18:58,111 - discord.gateway - INFO - Shard ID None has connected to Gateway (Session ID: 00883475aecfbf4bc34a7ee8bf2f5874).
2025-08-13 07:19:00,120 - __main__ - INFO - King Developers#1173 has connected to Discord!
2025-08-13 07:19:00,120 - __main__ - INFO - Bot is in 2 guilds
2025-08-13 07:19:28,926 - discord.client - WARNING - PyNaCl is not installed, voice will NOT be supported
2025-08-13 07:19:28,926 - discord.client - INFO - logging in using static token
2025-08-13 07:19:29,435 - __main__ - INFO - Loaded cog: cogs.modmail
2025-08-13 07:19:29,438 - __main__ - INFO - Loaded cog: cogs.economy
2025-08-13 07:19:29,439 - __main__ - INFO - Loaded cog: cogs.autoresponse
2025-08-13 07:19:29,441 - __main__ - INFO - Loaded cog: cogs.moderation
2025-08-13 07:19:29,442 - __main__ - INFO - Loaded cog: cogs.logging
2025-08-13 07:19:29,444 - __main__ - INFO - Loaded cog: cogs.help
2025-08-13 07:19:29,446 - __main__ - INFO - Loaded cog: cogs.features
2025-08-13 07:19:29,449 - __main__ - INFO - Loaded cog: cogs.welcome
2025-08-13 07:19:29,780 - discord.gateway - INFO - Shard ID None has connected to Gateway (Session ID: cd696693a89285ef2b594229c2886e5a).
2025-08-13 07:19:31,796 - __main__ - INFO - King Developers#1173 has connected to Discord!
2025-08-13 07:19:31,796 - __main__ - INFO - Bot is in 2 guilds
2025-08-13 07:24:35,310 - discord.client - WARNING - PyNaCl is not installed, voice will NOT be supported
2025-08-13 07:24:35,312 - discord.client - INFO - logging in using static token
2025-08-13 07:24:35,693 - __main__ - INFO - Loaded cog: cogs.modmail
2025-08-13 07:24:35,704 - __main__ - INFO - Loaded cog: cogs.economy
2025-08-13 07:24:35,708 - __main__ - INFO - Loaded cog: cogs.autoresponse
2025-08-13 07:24:35,710 - __main__ - INFO - Loaded cog: cogs.moderation
2025-08-13 07:24:35,715 - __main__ - INFO - Loaded cog: cogs.logging
2025-08-13 07:24:35,720 - __main__ - INFO - Loaded cog: cogs.help
2025-08-13 07:24:35,724 - __main__ - INFO - Loaded cog: cogs.features
2025-08-13 07:24:35,729 - __main__ - INFO - Loaded cog: cogs.welcome
2025-08-13 07:24:36,047 - discord.gateway - INFO - Shard ID None has connected to Gateway (Session ID: 41f9e1d3d902fed3febe45d48d436b93).
2025-08-13 07:24:38,085 - __main__ - INFO - King Developers#1173 has connected to Discord!
2025-08-13 07:24:38,086 - __main__ - INFO - Bot is in 2 guilds
2025-08-13 07:25:13,624 - discord.client - WARNING - PyNaCl is not installed, voice will NOT be supported
2025-08-13 07:25:13,624 - discord.client - INFO - logging in using static token
2025-08-13 07:25:14,095 - __main__ - INFO - Loaded cog: cogs.modmail
2025-08-13 07:25:14,098 - __main__ - INFO - Loaded cog: cogs.economy
2025-08-13 07:25:14,100 - __main__ - INFO - Loaded cog: cogs.autoresponse
2025-08-13 07:25:14,102 - __main__ - INFO - Loaded cog: cogs.moderation
2025-08-13 07:25:14,104 - __main__ - INFO - Loaded cog: cogs.logging
2025-08-13 07:25:14,105 - __main__ - INFO - Loaded cog: cogs.help
2025-08-13 07:25:14,108 - __main__ - INFO - Loaded cog: cogs.features
2025-08-13 07:25:14,116 - __main__ - INFO - Loaded cog: cogs.welcome
2025-08-13 07:25:14,433 - discord.gateway - INFO - Shard ID None has connected to Gateway (Session ID: f190727abbfc79e700d05d4f865c2ab6).
2025-08-13 07:25:16,440 - __main__ - INFO - King Developers#1173 has connected to Discord!
2025-08-13 07:25:16,440 - __main__ - INFO - Bot is in 2 guilds
2025-08-13 07:33:00,348 - discord.client - WARNING - PyNaCl is not installed, voice will NOT be supported
2025-08-13 07:33:00,348 - discord.client - WARNING - PyNaCl is not installed, voice will NOT be supported
2025-08-13 07:33:00,349 - discord.client - INFO - logging in using static token
2025-08-13 07:33:00,353 - discord.client - INFO - logging in using static token
2025-08-13 07:33:00,749 - __main__ - INFO - Loaded cog: cogs.modmail
2025-08-13 07:33:00,756 - __main__ - INFO - Loaded cog: cogs.economy
2025-08-13 07:33:00,759 - __main__ - INFO - Loaded cog: cogs.autoresponse
2025-08-13 07:33:00,762 - __main__ - INFO - Loaded cog: cogs.moderation
2025-08-13 07:33:00,766 - __main__ - INFO - Loaded cog: cogs.logging
2025-08-13 07:33:00,770 - __main__ - INFO - Loaded cog: cogs.help
2025-08-13 07:33:00,774 - __main__ - INFO - Loaded cog: cogs.features
2025-08-13 07:33:00,781 - __main__ - INFO - Loaded cog: cogs.welcome
2025-08-13 07:33:00,792 - __main__ - INFO - Loaded cog: cogs.modmail
2025-08-13 07:33:00,798 - __main__ - INFO - Loaded cog: cogs.economy
2025-08-13 07:33:00,800 - __main__ - INFO - Loaded cog: cogs.autoresponse
2025-08-13 07:33:00,802 - __main__ - INFO - Loaded cog: cogs.moderation
2025-08-13 07:33:00,805 - __main__ - INFO - Loaded cog: cogs.logging
2025-08-13 07:33:00,806 - __main__ - INFO - Loaded cog: cogs.help
2025-08-13 07:33:00,808 - __main__ - INFO - Loaded cog: cogs.features
2025-08-13 07:33:00,812 - __main__ - INFO - Loaded cog: cogs.welcome
2025-08-13 07:33:01,149 - discord.gateway - INFO - Shard ID None has connected to Gateway (Session ID: 0f14d92a103ced06c832b22d2584d7e5).
2025-08-13 07:33:02,495 - discord.gateway - INFO - Shard ID None has connected to Gateway (Session ID: 0e145039b343296ec5a469fcfb05b8ae).
2025-08-13 07:33:03,156 - __main__ - INFO - King Developers#1173 has connected to Discord!
2025-08-13 07:33:03,156 - __main__ - INFO - Bot is in 2 guilds
2025-08-13 07:33:04,501 - __main__ - INFO - King Developers#1173 has connected to Discord!
2025-08-13 07:33:04,501 - __main__ - INFO - Bot is in 2 guilds
2025-08-13 07:55:36,766 - discord.client - WARNING - PyNaCl is not installed, voice will NOT be supported
2025-08-13 07:55:36,771 - discord.client - INFO - logging in using static token
2025-08-13 07:55:37,260 - __main__ - INFO - Loaded cog: cogs.modmail
2025-08-13 07:55:37,275 - __main__ - INFO - Loaded cog: cogs.economy
2025-08-13 07:55:37,281 - __main__ - INFO - Loaded cog: cogs.autoresponse
2025-08-13 07:55:37,285 - __main__ - INFO - Loaded cog: cogs.moderation
2025-08-13 07:55:37,291 - __main__ - INFO - Loaded cog: cogs.logging
2025-08-13 07:55:37,296 - __main__ - INFO - Loaded cog: cogs.help
2025-08-13 07:55:37,302 - __main__ - INFO - Loaded cog: cogs.features
2025-08-13 07:55:37,312 - __main__ - INFO - Loaded cog: cogs.welcome
2025-08-13 07:55:37,643 - discord.gateway - INFO - Shard ID None has connected to Gateway (Session ID: d5979df27404363f0b28633289b06040).
2025-08-13 07:56:22,975 - discord.client - WARNING - PyNaCl is not installed, voice will NOT be supported
2025-08-13 07:56:22,983 - discord.client - INFO - logging in using static token
2025-08-13 07:56:23,363 - __main__ - INFO - Loaded cog: cogs.modmail
2025-08-13 07:56:23,367 - __main__ - INFO - Loaded cog: cogs.economy
2025-08-13 07:56:23,370 - __main__ - INFO - Loaded cog: cogs.autoresponse
2025-08-13 07:56:23,373 - __main__ - INFO - Loaded cog: cogs.moderation
2025-08-13 07:56:23,375 - __main__ - INFO - Loaded cog: cogs.logging
2025-08-13 07:56:23,378 - __main__ - INFO - Loaded cog: cogs.help
2025-08-13 07:56:23,381 - __main__ - INFO - Loaded cog: cogs.features
2025-08-13 07:56:23,386 - __main__ - INFO - Loaded cog: cogs.welcome
2025-08-13 07:56:23,771 - discord.gateway - INFO - Shard ID None has connected to Gateway (Session ID: 8a7d95907e4e1853f5d888a5a37eecec).
2025-08-13 07:56:25,778 - __main__ - INFO - King Developers#1173 has connected to Discord!
2025-08-13 07:56:25,778 - __main__ - INFO - Bot is in 2 guilds
2025-08-13 07:57:36,882 - __main__ - ERROR - Unhandled command error in autoresponse add: The check functions for command autoresponse add failed.
2025-08-13 07:57:59,814 - __main__ - ERROR - Unhandled command error in autoresponse add: The check functions for command autoresponse add failed.
2025-08-13 07:58:18,310 - __main__ - ERROR - Unhandled command error in autoresponse clear: The check functions for command autoresponse clear failed.
2025-08-13 07:58:48,383 - __main__ - ERROR - Unhandled command error in logging channel: The check functions for command logging channel failed.
2025-08-13 08:01:50,938 - discord.client - WARNING - PyNaCl is not installed, voice will NOT be supported
2025-08-13 08:01:50,938 - discord.client - INFO - logging in using static token
2025-08-13 08:01:51,356 - __main__ - INFO - Loaded cog: cogs.modmail
2025-08-13 08:01:51,358 - __main__ - INFO - Loaded cog: cogs.economy
2025-08-13 08:01:51,360 - __main__ - INFO - Loaded cog: cogs.autoresponse
2025-08-13 08:01:51,362 - __main__ - INFO - Loaded cog: cogs.moderation
2025-08-13 08:01:51,364 - __main__ - INFO - Loaded cog: cogs.logging
2025-08-13 08:01:51,365 - __main__ - INFO - Loaded cog: cogs.help
2025-08-13 08:01:51,367 - __main__ - INFO - Loaded cog: cogs.features
2025-08-13 08:01:51,370 - __main__ - INFO - Loaded cog: cogs.welcome
2025-08-13 08:01:51,742 - discord.gateway - INFO - Shard ID None has connected to Gateway (Session ID: 4b90dbafb5047cfa46e5bef32f49528c).
2025-08-13 08:01:53,749 - __main__ - INFO - King Developers#1173 has connected to Discord!
2025-08-13 08:01:53,750 - __main__ - INFO - Bot is in 2 guilds
2025-08-15 13:46:57,192 - discord.client - WARNING - PyNaCl is not installed, voice will NOT be supported
2025-08-15 13:46:57,194 - __main__ - ERROR - DISCORD_TOKEN environment variable not set!
2025-08-15 13:47:30,053 - discord.client - WARNING - PyNaCl is not installed, voice will NOT be supported
2025-08-15 13:47:30,054 - discord.client - INFO - logging in using static token
2025-08-15 13:47:30,937 - __main__ - INFO - Loaded cog: cogs.modmail
2025-08-15 13:47:30,946 - __main__ - INFO - Loaded cog: cogs.economy
2025-08-15 13:47:30,950 - __main__ - INFO - Loaded cog: cogs.autoresponse
2025-08-15 13:47:30,956 - __main__ - INFO - Loaded cog: cogs.moderation
2025-08-15 13:47:30,965 - __main__ - INFO - Loaded cog: cogs.logging
2025-08-15 13:47:30,971 - __main__ - INFO - Loaded cog: cogs.help
2025-08-15 13:47:30,980 - __main__ - INFO - Loaded cog: cogs.features
2025-08-15 13:47:30,990 - __main__ - INFO - Loaded cog: cogs.welcome
2025-08-15 13:47:31,675 - discord.gateway - INFO - Shard ID None has connected to Gateway (Session ID: 291725afd97e5c1b69925e069e05ab7c).
2025-08-15 13:47:33,717 - __main__ - INFO - Vantha Pesalam#9058 has connected to Discord!
2025-08-15 13:47:33,718 - __main__ - INFO - Bot is in 2 guilds
2025-08-15 13:50:27,344 - discord.client - WARNING - PyNaCl is not installed, voice will NOT be supported
2025-08-15 13:50:27,345 - discord.client - INFO - logging in using static token
2025-08-15 13:50:28,140 - __main__ - INFO - Loaded cog: cogs.modmail
2025-08-15 13:50:28,143 - __main__ - INFO - Loaded cog: cogs.economy
2025-08-15 13:50:28,146 - __main__ - INFO - Loaded cog: cogs.autoresponse
2025-08-15 13:50:28,147 - __main__ - INFO - Loaded cog: cogs.moderation
2025-08-15 13:50:28,150 - __main__ - INFO - Loaded cog: cogs.logging
2025-08-15 13:50:28,161 - __main__ - INFO - Loaded cog: cogs.help
2025-08-15 13:50:28,164 - __main__ - INFO - Loaded cog: cogs.features
2025-08-15 13:50:28,167 - __main__ - INFO - Loaded cog: cogs.welcome
2025-08-15 13:50:28,174 - __main__ - INFO - Loaded cog: cogs.emojis
2025-08-15 13:50:28,957 - discord.gateway - INFO - Shard ID None has connected to Gateway (Session ID: 5ac6d5609b0024725cac864852d90694).
2025-08-15 13:50:31,105 - __main__ - INFO - Vantha Pesalam#9058 has connected to Discord!
2025-08-15 13:50:31,106 - __main__ - INFO - Bot is in 2 guilds
2025-08-15 13:51:13,089 - __main__ - ERROR - Unhandled command error in emoji add: The check functions for command emoji add failed.
2025-08-15 13:53:26,037 - __main__ - ERROR - Unhandled command error in emoji add: The check functions for command emoji add failed.
2025-08-15 13:54:31,950 - discord.client - WARNING - PyNaCl is not installed, voice will NOT be supported
2025-08-15 13:54:31,951 - discord.client - INFO - logging in using static token
2025-08-15 13:54:32,915 - __main__ - INFO - Loaded cog: cogs.modmail
2025-08-15 13:54:32,918 - __main__ - INFO - Loaded cog: cogs.economy
2025-08-15 13:54:32,923 - __main__ - INFO - Loaded cog: cogs.autoresponse
2025-08-15 13:54:32,925 - __main__ - INFO - Loaded cog: cogs.moderation
2025-08-15 13:54:32,928 - __main__ - INFO - Loaded cog: cogs.logging
2025-08-15 13:54:32,930 - __main__ - INFO - Loaded cog: cogs.help
2025-08-15 13:54:32,934 - __main__ - INFO - Loaded cog: cogs.features
2025-08-15 13:54:32,938 - __main__ - INFO - Loaded cog: cogs.welcome
2025-08-15 13:54:32,945 - __main__ - INFO - Loaded cog: cogs.emojis
2025-08-15 13:54:33,680 - discord.gateway - INFO - Shard ID None has connected to Gateway (Session ID: 287d1e9935d730fa4753fdd73437590b).
2025-08-15 13:54:35,825 - __main__ - INFO - Vantha Pesalam#9058 has connected to Discord!
2025-08-15 13:54:35,825 - __main__ - INFO - Bot is in 2 guilds
2025-08-15 14:00:40,323 - discord.client - WARNING - PyNaCl is not installed, voice will NOT be supported
2025-08-15 14:00:40,323 - discord.client - INFO - logging in using static token
2025-08-15 14:00:41,294 - __main__ - INFO - Loaded cog: cogs.modmail
2025-08-15 14:00:41,296 - __main__ - INFO - Loaded cog: cogs.economy
2025-08-15 14:00:41,298 - __main__ - INFO - Loaded cog: cogs.autoresponse
2025-08-15 14:00:41,299 - __main__ - INFO - Loaded cog: cogs.moderation
2025-08-15 14:00:41,301 - __main__ - INFO - Loaded cog: cogs.logging
2025-08-15 14:00:41,302 - __main__ - INFO - Loaded cog: cogs.help
2025-08-15 14:00:41,304 - __main__ - INFO - Loaded cog: cogs.features
2025-08-15 14:00:41,311 - __main__ - INFO - Loaded cog: cogs.welcome
2025-08-15 14:00:41,313 - __main__ - INFO - Loaded cog: cogs.emojis
2025-08-15 14:00:42,155 - discord.gateway - INFO - Shard ID None has connected to Gateway (Session ID: ee6617e081fe03db33c0a62cc1f3f5b1).
2025-08-15 14:00:44,163 - __main__ - INFO - Vantha Pesalam#9058 has connected to Discord!
2025-08-15 14:00:44,164 - __main__ - INFO - Bot is in 2 guilds
2025-08-15 14:41:12,907 - discord.gateway - INFO - Shard ID None has successfully RESUMED session ee6617e081fe03db33c0a62cc1f3f5b1.
2025-08-15 15:03:03,095 - discord.gateway - INFO - Shard ID None has successfully RESUMED session ee6617e081fe03db33c0a62cc1f3f5b1.
2025-08-15 15:04:39,819 - discord.client - WARNING - PyNaCl is not installed, voice will NOT be supported
2025-08-15 15:04:39,820 - discord.client - INFO - logging in using static token
2025-08-15 15:04:40,683 - __main__ - INFO - Loaded cog: cogs.modmail
2025-08-15 15:04:40,687 - __main__ - INFO - Loaded cog: cogs.economy
2025-08-15 15:04:40,690 - __main__ - INFO - Loaded cog: cogs.autoresponse
2025-08-15 15:04:40,692 - __main__ - INFO - Loaded cog: cogs.moderation
2025-08-15 15:04:40,694 - __main__ - INFO - Loaded cog: cogs.logging
2025-08-15 15:04:40,695 - __main__ - INFO - Loaded cog: cogs.help
2025-08-15 15:04:40,698 - __main__ - INFO - Loaded cog: cogs.features
2025-08-15 15:04:40,701 - __main__ - INFO - Loaded cog: cogs.welcome
2025-08-15 15:04:40,704 - __main__ - INFO - Loaded cog: cogs.emojis
2025-08-15 15:04:42,718 - discord.gateway - INFO - Shard ID None has connected to Gateway (Session ID: 3d723232a5837876163bc0e6c500829d).
2025-08-15 15:04:44,761 - __main__ - INFO - Vantha Pesalam#9058 has connected to Discord!
2025-08-15 15:04:44,761 - __main__ - INFO - Bot is in 2 guilds
2025-08-15 15:15:03,720 - discord.client - WARNING - PyNaCl is not installed, voice will NOT be supported
2025-08-15 15:15:03,721 - discord.client - INFO - logging in using static token
2025-08-15 15:15:04,599 - __main__ - INFO - Loaded cog: cogs.modmail
2025-08-15 15:15:04,601 - __main__ - INFO - Loaded cog: cogs.economy
2025-08-15 15:15:04,603 - __main__ - INFO - Loaded cog: cogs.autoresponse
2025-08-15 15:15:04,605 - __main__ - INFO - Loaded cog: cogs.moderation
2025-08-15 15:15:04,607 - __main__ - INFO - Loaded cog: cogs.logging
2025-08-15 15:15:04,608 - __main__ - INFO - Loaded cog: cogs.help
2025-08-15 15:15:04,610 - __main__ - INFO - Loaded cog: cogs.features
2025-08-15 15:15:04,612 - __main__ - INFO - Loaded cog: cogs.welcome
2025-08-15 15:15:04,614 - __main__ - INFO - Loaded cog: cogs.emojis
2025-08-15 15:15:05,290 - discord.gateway - INFO - Shard ID None has connected to Gateway (Session ID: 54805eba51e944cc274d73710d2eff2f).
2025-08-15 15:15:07,510 - __main__ - INFO - Vantha Pesalam#9058 has connected to Discord!
2025-08-15 15:15:07,510 - __main__ - INFO - Bot is in 2 guilds
2025-08-15 15:19:57,748 - discord.client - WARNING - PyNaCl is not installed, voice will NOT be supported
2025-08-15 15:19:57,749 - discord.client - INFO - logging in using static token
2025-08-15 15:19:58,536 - __main__ - INFO - Loaded cog: cogs.modmail
2025-08-15 15:19:58,539 - __main__ - INFO - Loaded cog: cogs.economy
2025-08-15 15:19:58,542 - __main__ - INFO - Loaded cog: cogs.autoresponse
2025-08-15 15:19:58,544 - __main__ - INFO - Loaded cog: cogs.moderation
2025-08-15 15:19:58,559 - __main__ - INFO - Loaded cog: cogs.logging
2025-08-15 15:19:58,561 - __main__ - INFO - Loaded cog: cogs.help
2025-08-15 15:19:58,564 - __main__ - INFO - Loaded cog: cogs.features
2025-08-15 15:19:58,567 - __main__ - INFO - Loaded cog: cogs.welcome
2025-08-15 15:19:58,571 - __main__ - INFO - Loaded cog: cogs.emojis
2025-08-15 15:19:59,257 - discord.gateway - INFO - Shard ID None has connected to Gateway (Session ID: 4b755d274e6912ae338c40b828178940).
2025-08-15 15:20:01,299 - __main__ - INFO - Vantha Pesalam#9058 has connected to Discord!
2025-08-15 15:20:01,299 - __main__ - INFO - Bot is in 2 guilds
2025-08-15 15:22:26,168 - discord.client - WARNING - PyNaCl is not installed, voice will NOT be supported
2025-08-15 15:22:26,169 - discord.client - INFO - logging in using static token
2025-08-15 15:22:27,071 - __main__ - INFO - Loaded cog: cogs.modmail
2025-08-15 15:22:27,074 - __main__ - INFO - Loaded cog: cogs.economy
2025-08-15 15:22:27,077 - __main__ - INFO - Loaded cog: cogs.autoresponse
2025-08-15 15:22:27,078 - __main__ - INFO - Loaded cog: cogs.moderation
2025-08-15 15:22:27,081 - __main__ - INFO - Loaded cog: cogs.logging
2025-08-15 15:22:27,081 - __main__ - INFO - Loaded cog: cogs.help
2025-08-15 15:22:27,088 - __main__ - INFO - Loaded cog: cogs.features
2025-08-15 15:22:27,092 - __main__ - INFO - Loaded cog: cogs.welcome
2025-08-15 15:22:27,098 - __main__ - INFO - Loaded cog: cogs.emojis
2025-08-15 15:22:27,867 - discord.gateway - INFO - Shard ID None has connected to Gateway (Session ID: 1476ac3e95ff40a4017797703e26b66b).
2025-08-15 15:22:29,885 - __main__ - INFO - Vantha Pesalam#9058 has connected to Discord!
2025-08-15 15:22:29,885 - __main__ - INFO - Bot is in 2 guilds
2025-08-16 09:05:36,076 - discord.client - WARNING - PyNaCl is not installed, voice will NOT be supported
2025-08-16 09:05:36,077 - discord.client - INFO - logging in using static token
2025-08-16 09:05:36,868 - __main__ - INFO - Loaded cog: cogs.modmail
2025-08-16 09:05:36,872 - __main__ - INFO - Loaded cog: cogs.economy
2025-08-16 09:05:36,877 - __main__ - INFO - Loaded cog: cogs.autoresponse
2025-08-16 09:05:36,880 - __main__ - INFO - Loaded cog: cogs.moderation
2025-08-16 09:05:36,883 - __main__ - INFO - Loaded cog: cogs.logging
2025-08-16 09:05:36,887 - __main__ - INFO - Loaded cog: cogs.help
2025-08-16 09:05:36,892 - __main__ - INFO - Loaded cog: cogs.features
2025-08-16 09:05:36,900 - __main__ - INFO - Loaded cog: cogs.welcome
2025-08-16 09:05:36,906 - __main__ - INFO - Loaded cog: cogs.emojis
2025-08-16 09:05:37,604 - discord.gateway - INFO - Shard ID None has connected to Gateway (Session ID: 6e6b6421f4c40ef0739eff0e59688af6).
2025-08-16 09:05:39,642 - __main__ - INFO - Vantha Pesalam#9058 has connected to Discord!
2025-08-16 09:05:39,642 - __main__ - INFO - Bot is in 2 guilds
2025-08-16 09:20:51,350 - discord.client - WARNING - PyNaCl is not installed, voice will NOT be supported
2025-08-16 09:20:51,350 - discord.client - INFO - logging in using static token
2025-08-16 09:20:51,709 - __main__ - ERROR - Invalid Discord token provided!
2025-08-16 09:20:51,722 - asyncio - ERROR - Unclosed connector
connections: ['deque([(<aiohttp.client_proto.ResponseHandler object at 0x7fc426a16040>, 20337.50230436)])']
connector: <aiohttp.connector.TCPConnector object at 0x7fc426a4f110>
2025-08-16 09:20:52,894 - discord.client - WARNING - PyNaCl is not installed, voice will NOT be supported
2025-08-16 09:20:52,895 - discord.client - INFO - logging in using static token
2025-08-16 09:20:53,251 - __main__ - ERROR - Invalid Discord token provided!
2025-08-16 09:20:53,262 - asyncio - ERROR - Unclosed connector
connections: ['deque([(<aiohttp.client_proto.ResponseHandler object at 0x7f24f9c62040>, 20339.044290797)])']
connector: <aiohttp.connector.TCPConnector object at 0x7f24f9c9b190>
2025-08-16 09:21:31,877 - discord.client - WARNING - PyNaCl is not installed, voice will NOT be supported
2025-08-16 09:21:31,878 - discord.client - INFO - logging in using static token
2025-08-16 09:21:32,248 - __main__ - ERROR - Invalid Discord token provided!
2025-08-16 09:21:32,261 - asyncio - ERROR - Unclosed connector
connections: ['deque([(<aiohttp.client_proto.ResponseHandler object at 0x7f6080e9e040>, 20378.041034986)])']
connector: <aiohttp.connector.TCPConnector object at 0x7f6080ed6ad0>
